<?xml version="1.0" encoding="UTF-8"?>
<!-- Generated by org.testng.reporters.JUnitReportReporter -->
<testsuite hostname="DESKTOP-UDDFKV4" failures="0" tests="1" name="com.w2a.testcases.LoginTest" time="3.274" errors="0" timestamp="30 Mar 2020 17:29:19 GMT" skipped="0">
  <testcase classname="com.w2a.testcases.LoginTest" name="loginAsBankManager" time="3.274"/>
</testsuite> <!-- com.w2a.testcases.LoginTest -->
